<?xml version="1.0" encoding="UTF-8"?>
<testsuite xmlns:xsi="http://www.w3.org/2001/XMLSchema-instance" xsi:noNamespaceSchemaLocation="https://maven.apache.org/surefire/maven-surefire-plugin/xsd/surefire-test-report.xsd" name="cucumber.Options.TestRunner" time="1.066" tests="7" errors="1" skipped="6" failures="0">
  <properties>
    <property name="java.specification.version" value="14"/>
    <property name="sun.jnu.encoding" value="UTF-8"/>
    <property name="java.class.path" value="/Users/tanumukherjee/eclipse-workspace/Backend_Automation/target/test-classes:/Users/tanumukherjee/eclipse-workspace/Backend_Automation/target/classes:/Users/tanumukherjee/.m2/repository/junit/junit/4.11/junit-4.11.jar:/Users/tanumukherjee/.m2/repository/com/fasterxml/jackson/core/jackson-databind/2.11.0/jackson-databind-2.11.0.jar:/Users/tanumukherjee/.m2/repository/com/fasterxml/jackson/core/jackson-annotations/2.11.0/jackson-annotations-2.11.0.jar:/Users/tanumukherjee/.m2/repository/com/fasterxml/jackson/core/jackson-core/2.11.0/jackson-core-2.11.0.jar:/Users/tanumukherjee/.m2/repository/io/cucumber/cucumber-junit/5.7.0/cucumber-junit-5.7.0.jar:/Users/tanumukherjee/.m2/repository/org/apiguardian/apiguardian-api/1.1.0/apiguardian-api-1.1.0.jar:/Users/tanumukherjee/.m2/repository/io/cucumber/cucumber-core/5.7.0/cucumber-core-5.7.0.jar:/Users/tanumukherjee/.m2/repository/io/cucumber/cucumber-gherkin/5.7.0/cucumber-gherkin-5.7.0.jar:/Users/tanumukherjee/.m2/repository/io/cucumber/cucumber-gherkin-vintage/5.7.0/cucumber-gherkin-vintage-5.7.0.jar:/Users/tanumukherjee/.m2/repository/io/cucumber/tag-expressions/2.0.4/tag-expressions-2.0.4.jar:/Users/tanumukherjee/.m2/repository/io/cucumber/cucumber-expressions/8.3.1/cucumber-expressions-8.3.1.jar:/Users/tanumukherjee/.m2/repository/io/cucumber/datatable/3.3.1/datatable-3.3.1.jar:/Users/tanumukherjee/.m2/repository/io/cucumber/cucumber-plugin/5.7.0/cucumber-plugin-5.7.0.jar:/Users/tanumukherjee/.m2/repository/io/cucumber/docstring/5.7.0/docstring-5.7.0.jar:/Users/tanumukherjee/.m2/repository/io/cucumber/cucumber-java/5.7.0/cucumber-java-5.7.0.jar:/Users/tanumukherjee/.m2/repository/io/rest-assured/rest-assured/4.3.0/rest-assured-4.3.0.jar:/Users/tanumukherjee/.m2/repository/org/codehaus/groovy/groovy/3.0.2/groovy-3.0.2.jar:/Users/tanumukherjee/.m2/repository/org/codehaus/groovy/groovy-xml/3.0.2/groovy-xml-3.0.2.jar:/Users/tanumukherjee/.m2/repository/org/apache/httpcomponents/httpclient/4.5.3/httpclient-4.5.3.jar:/Users/tanumukherjee/.m2/repository/org/apache/httpcomponents/httpcore/4.4.6/httpcore-4.4.6.jar:/Users/tanumukherjee/.m2/repository/commons-logging/commons-logging/1.2/commons-logging-1.2.jar:/Users/tanumukherjee/.m2/repository/commons-codec/commons-codec/1.9/commons-codec-1.9.jar:/Users/tanumukherjee/.m2/repository/org/apache/httpcomponents/httpmime/4.5.3/httpmime-4.5.3.jar:/Users/tanumukherjee/.m2/repository/org/hamcrest/hamcrest/2.1/hamcrest-2.1.jar:/Users/tanumukherjee/.m2/repository/org/ccil/cowan/tagsoup/tagsoup/1.2.1/tagsoup-1.2.1.jar:/Users/tanumukherjee/.m2/repository/io/rest-assured/json-path/4.3.0/json-path-4.3.0.jar:/Users/tanumukherjee/.m2/repository/org/codehaus/groovy/groovy-json/3.0.2/groovy-json-3.0.2.jar:/Users/tanumukherjee/.m2/repository/io/rest-assured/rest-assured-common/4.3.0/rest-assured-common-4.3.0.jar:/Users/tanumukherjee/.m2/repository/io/rest-assured/json-schema-validator/4.3.0/json-schema-validator-4.3.0.jar:/Users/tanumukherjee/.m2/repository/com/github/java-json-tools/json-schema-validator/2.2.10/json-schema-validator-2.2.10.jar:/Users/tanumukherjee/.m2/repository/com/github/java-json-tools/json-schema-core/1.2.10/json-schema-core-1.2.10.jar:/Users/tanumukherjee/.m2/repository/com/github/java-json-tools/jackson-coreutils/1.9/jackson-coreutils-1.9.jar:/Users/tanumukherjee/.m2/repository/com/google/guava/guava/16.0.1/guava-16.0.1.jar:/Users/tanumukherjee/.m2/repository/com/github/fge/msg-simple/1.1/msg-simple-1.1.jar:/Users/tanumukherjee/.m2/repository/com/github/fge/btf/1.2/btf-1.2.jar:/Users/tanumukherjee/.m2/repository/com/github/fge/uri-template/0.9/uri-template-0.9.jar:/Users/tanumukherjee/.m2/repository/org/mozilla/rhino/1.7.7.1/rhino-1.7.7.1.jar:/Users/tanumukherjee/.m2/repository/javax/mail/mailapi/1.4.3/mailapi-1.4.3.jar:/Users/tanumukherjee/.m2/repository/joda-time/joda-time/2.9.7/joda-time-2.9.7.jar:/Users/tanumukherjee/.m2/repository/com/googlecode/libphonenumber/libphonenumber/8.0.0/libphonenumber-8.0.0.jar:/Users/tanumukherjee/.m2/repository/com/google/code/findbugs/jsr305/3.0.1/jsr305-3.0.1.jar:/Users/tanumukherjee/.m2/repository/net/sf/jopt-simple/jopt-simple/5.0.3/jopt-simple-5.0.3.jar:/Users/tanumukherjee/.m2/repository/io/rest-assured/xml-path/4.3.0/xml-path-4.3.0.jar:/Users/tanumukherjee/.m2/repository/org/apache/commons/commons-lang3/3.4/commons-lang3-3.4.jar:/Users/tanumukherjee/.m2/repository/jakarta/xml/bind/jakarta.xml.bind-api/2.3.2/jakarta.xml.bind-api-2.3.2.jar:/Users/tanumukherjee/.m2/repository/jakarta/activation/jakarta.activation-api/1.2.1/jakarta.activation-api-1.2.1.jar:/Users/tanumukherjee/.m2/repository/com/sun/xml/bind/jaxb-osgi/2.3.0.1/jaxb-osgi-2.3.0.1.jar:/Users/tanumukherjee/.m2/repository/org/apache/sling/org.apache.sling.javax.activation/0.1.0/org.apache.sling.javax.activation-0.1.0.jar:/Users/tanumukherjee/.m2/repository/javax/activation/activation/1.1.1/activation-1.1.1.jar:/Users/tanumukherjee/.m2/repository/io/rest-assured/spring-mock-mvc/4.3.0/spring-mock-mvc-4.3.0.jar:/Users/tanumukherjee/.m2/repository/io/rest-assured/spring-commons/4.3.0/spring-commons-4.3.0.jar:/Users/tanumukherjee/.m2/repository/org/springframework/spring-test/4.3.23.RELEASE/spring-test-4.3.23.RELEASE.jar:/Users/tanumukherjee/.m2/repository/org/springframework/spring-core/4.3.23.RELEASE/spring-core-4.3.23.RELEASE.jar:/Users/tanumukherjee/.m2/repository/org/springframework/spring-webmvc/4.3.23.RELEASE/spring-webmvc-4.3.23.RELEASE.jar:/Users/tanumukherjee/.m2/repository/org/springframework/spring-aop/4.3.23.RELEASE/spring-aop-4.3.23.RELEASE.jar:/Users/tanumukherjee/.m2/repository/org/springframework/spring-beans/4.3.23.RELEASE/spring-beans-4.3.23.RELEASE.jar:/Users/tanumukherjee/.m2/repository/org/springframework/spring-context/4.3.23.RELEASE/spring-context-4.3.23.RELEASE.jar:/Users/tanumukherjee/.m2/repository/org/springframework/spring-expression/4.3.23.RELEASE/spring-expression-4.3.23.RELEASE.jar:/Users/tanumukherjee/.m2/repository/org/springframework/spring-web/4.3.23.RELEASE/spring-web-4.3.23.RELEASE.jar:/Users/tanumukherjee/.m2/repository/io/rest-assured/scala-support/4.3.0/scala-support-4.3.0.jar:/Users/tanumukherjee/.m2/repository/org/scala-lang/scala-library/2.13.0/scala-library-2.13.0.jar:/Users/tanumukherjee/.m2/repository/org/hamcrest/hamcrest-all/1.3/hamcrest-all-1.3.jar:/Users/tanumukherjee/.m2/repository/org/hamcrest/hamcrest-library/2.2/hamcrest-library-2.2.jar:/Users/tanumukherjee/.m2/repository/org/hamcrest/hamcrest-core/2.2/hamcrest-core-2.2.jar:"/>
    <property name="java.vm.vendor" value="Oracle Corporation"/>
    <property name="sun.arch.data.model" value="64"/>
    <property name="java.vendor.url" value="https://java.oracle.com/"/>
    <property name="os.name" value="Mac OS X"/>
    <property name="java.vm.specification.version" value="14"/>
    <property name="sun.java.launcher" value="SUN_STANDARD"/>
    <property name="user.country" value="IN"/>
    <property name="sun.boot.library.path" value="/Library/Java/JavaVirtualMachines/jdk-14.0.1.jdk/Contents/Home/lib"/>
    <property name="sun.java.command" value="/Users/tanumukherjee/eclipse-workspace/Backend_Automation/target/surefire/surefirebooter10981840663011776722.jar /Users/tanumukherjee/eclipse-workspace/Backend_Automation/target/surefire 2020-07-07T14-25-39_894-jvmRun1 surefire13487626507727558385tmp surefire_09679876435209493596tmp"/>
    <property name="http.nonProxyHosts" value="local|*.local|169.254/16|*.169.254/16"/>
    <property name="jdk.debug" value="release"/>
    <property name="surefire.test.class.path" value="/Users/tanumukherjee/eclipse-workspace/Backend_Automation/target/test-classes:/Users/tanumukherjee/eclipse-workspace/Backend_Automation/target/classes:/Users/tanumukherjee/.m2/repository/junit/junit/4.11/junit-4.11.jar:/Users/tanumukherjee/.m2/repository/com/fasterxml/jackson/core/jackson-databind/2.11.0/jackson-databind-2.11.0.jar:/Users/tanumukherjee/.m2/repository/com/fasterxml/jackson/core/jackson-annotations/2.11.0/jackson-annotations-2.11.0.jar:/Users/tanumukherjee/.m2/repository/com/fasterxml/jackson/core/jackson-core/2.11.0/jackson-core-2.11.0.jar:/Users/tanumukherjee/.m2/repository/io/cucumber/cucumber-junit/5.7.0/cucumber-junit-5.7.0.jar:/Users/tanumukherjee/.m2/repository/org/apiguardian/apiguardian-api/1.1.0/apiguardian-api-1.1.0.jar:/Users/tanumukherjee/.m2/repository/io/cucumber/cucumber-core/5.7.0/cucumber-core-5.7.0.jar:/Users/tanumukherjee/.m2/repository/io/cucumber/cucumber-gherkin/5.7.0/cucumber-gherkin-5.7.0.jar:/Users/tanumukherjee/.m2/repository/io/cucumber/cucumber-gherkin-vintage/5.7.0/cucumber-gherkin-vintage-5.7.0.jar:/Users/tanumukherjee/.m2/repository/io/cucumber/tag-expressions/2.0.4/tag-expressions-2.0.4.jar:/Users/tanumukherjee/.m2/repository/io/cucumber/cucumber-expressions/8.3.1/cucumber-expressions-8.3.1.jar:/Users/tanumukherjee/.m2/repository/io/cucumber/datatable/3.3.1/datatable-3.3.1.jar:/Users/tanumukherjee/.m2/repository/io/cucumber/cucumber-plugin/5.7.0/cucumber-plugin-5.7.0.jar:/Users/tanumukherjee/.m2/repository/io/cucumber/docstring/5.7.0/docstring-5.7.0.jar:/Users/tanumukherjee/.m2/repository/io/cucumber/cucumber-java/5.7.0/cucumber-java-5.7.0.jar:/Users/tanumukherjee/.m2/repository/io/rest-assured/rest-assured/4.3.0/rest-assured-4.3.0.jar:/Users/tanumukherjee/.m2/repository/org/codehaus/groovy/groovy/3.0.2/groovy-3.0.2.jar:/Users/tanumukherjee/.m2/repository/org/codehaus/groovy/groovy-xml/3.0.2/groovy-xml-3.0.2.jar:/Users/tanumukherjee/.m2/repository/org/apache/httpcomponents/httpclient/4.5.3/httpclient-4.5.3.jar:/Users/tanumukherjee/.m2/repository/org/apache/httpcomponents/httpcore/4.4.6/httpcore-4.4.6.jar:/Users/tanumukherjee/.m2/repository/commons-logging/commons-logging/1.2/commons-logging-1.2.jar:/Users/tanumukherjee/.m2/repository/commons-codec/commons-codec/1.9/commons-codec-1.9.jar:/Users/tanumukherjee/.m2/repository/org/apache/httpcomponents/httpmime/4.5.3/httpmime-4.5.3.jar:/Users/tanumukherjee/.m2/repository/org/hamcrest/hamcrest/2.1/hamcrest-2.1.jar:/Users/tanumukherjee/.m2/repository/org/ccil/cowan/tagsoup/tagsoup/1.2.1/tagsoup-1.2.1.jar:/Users/tanumukherjee/.m2/repository/io/rest-assured/json-path/4.3.0/json-path-4.3.0.jar:/Users/tanumukherjee/.m2/repository/org/codehaus/groovy/groovy-json/3.0.2/groovy-json-3.0.2.jar:/Users/tanumukherjee/.m2/repository/io/rest-assured/rest-assured-common/4.3.0/rest-assured-common-4.3.0.jar:/Users/tanumukherjee/.m2/repository/io/rest-assured/json-schema-validator/4.3.0/json-schema-validator-4.3.0.jar:/Users/tanumukherjee/.m2/repository/com/github/java-json-tools/json-schema-validator/2.2.10/json-schema-validator-2.2.10.jar:/Users/tanumukherjee/.m2/repository/com/github/java-json-tools/json-schema-core/1.2.10/json-schema-core-1.2.10.jar:/Users/tanumukherjee/.m2/repository/com/github/java-json-tools/jackson-coreutils/1.9/jackson-coreutils-1.9.jar:/Users/tanumukherjee/.m2/repository/com/google/guava/guava/16.0.1/guava-16.0.1.jar:/Users/tanumukherjee/.m2/repository/com/github/fge/msg-simple/1.1/msg-simple-1.1.jar:/Users/tanumukherjee/.m2/repository/com/github/fge/btf/1.2/btf-1.2.jar:/Users/tanumukherjee/.m2/repository/com/github/fge/uri-template/0.9/uri-template-0.9.jar:/Users/tanumukherjee/.m2/repository/org/mozilla/rhino/1.7.7.1/rhino-1.7.7.1.jar:/Users/tanumukherjee/.m2/repository/javax/mail/mailapi/1.4.3/mailapi-1.4.3.jar:/Users/tanumukherjee/.m2/repository/joda-time/joda-time/2.9.7/joda-time-2.9.7.jar:/Users/tanumukherjee/.m2/repository/com/googlecode/libphonenumber/libphonenumber/8.0.0/libphonenumber-8.0.0.jar:/Users/tanumukherjee/.m2/repository/com/google/code/findbugs/jsr305/3.0.1/jsr305-3.0.1.jar:/Users/tanumukherjee/.m2/repository/net/sf/jopt-simple/jopt-simple/5.0.3/jopt-simple-5.0.3.jar:/Users/tanumukherjee/.m2/repository/io/rest-assured/xml-path/4.3.0/xml-path-4.3.0.jar:/Users/tanumukherjee/.m2/repository/org/apache/commons/commons-lang3/3.4/commons-lang3-3.4.jar:/Users/tanumukherjee/.m2/repository/jakarta/xml/bind/jakarta.xml.bind-api/2.3.2/jakarta.xml.bind-api-2.3.2.jar:/Users/tanumukherjee/.m2/repository/jakarta/activation/jakarta.activation-api/1.2.1/jakarta.activation-api-1.2.1.jar:/Users/tanumukherjee/.m2/repository/com/sun/xml/bind/jaxb-osgi/2.3.0.1/jaxb-osgi-2.3.0.1.jar:/Users/tanumukherjee/.m2/repository/org/apache/sling/org.apache.sling.javax.activation/0.1.0/org.apache.sling.javax.activation-0.1.0.jar:/Users/tanumukherjee/.m2/repository/javax/activation/activation/1.1.1/activation-1.1.1.jar:/Users/tanumukherjee/.m2/repository/io/rest-assured/spring-mock-mvc/4.3.0/spring-mock-mvc-4.3.0.jar:/Users/tanumukherjee/.m2/repository/io/rest-assured/spring-commons/4.3.0/spring-commons-4.3.0.jar:/Users/tanumukherjee/.m2/repository/org/springframework/spring-test/4.3.23.RELEASE/spring-test-4.3.23.RELEASE.jar:/Users/tanumukherjee/.m2/repository/org/springframework/spring-core/4.3.23.RELEASE/spring-core-4.3.23.RELEASE.jar:/Users/tanumukherjee/.m2/repository/org/springframework/spring-webmvc/4.3.23.RELEASE/spring-webmvc-4.3.23.RELEASE.jar:/Users/tanumukherjee/.m2/repository/org/springframework/spring-aop/4.3.23.RELEASE/spring-aop-4.3.23.RELEASE.jar:/Users/tanumukherjee/.m2/repository/org/springframework/spring-beans/4.3.23.RELEASE/spring-beans-4.3.23.RELEASE.jar:/Users/tanumukherjee/.m2/repository/org/springframework/spring-context/4.3.23.RELEASE/spring-context-4.3.23.RELEASE.jar:/Users/tanumukherjee/.m2/repository/org/springframework/spring-expression/4.3.23.RELEASE/spring-expression-4.3.23.RELEASE.jar:/Users/tanumukherjee/.m2/repository/org/springframework/spring-web/4.3.23.RELEASE/spring-web-4.3.23.RELEASE.jar:/Users/tanumukherjee/.m2/repository/io/rest-assured/scala-support/4.3.0/scala-support-4.3.0.jar:/Users/tanumukherjee/.m2/repository/org/scala-lang/scala-library/2.13.0/scala-library-2.13.0.jar:/Users/tanumukherjee/.m2/repository/org/hamcrest/hamcrest-all/1.3/hamcrest-all-1.3.jar:/Users/tanumukherjee/.m2/repository/org/hamcrest/hamcrest-library/2.2/hamcrest-library-2.2.jar:/Users/tanumukherjee/.m2/repository/org/hamcrest/hamcrest-core/2.2/hamcrest-core-2.2.jar:"/>
    <property name="sun.cpu.endian" value="little"/>
    <property name="user.home" value="/Users/tanumukherjee"/>
    <property name="user.language" value="en"/>
    <property name="java.specification.vendor" value="Oracle Corporation"/>
    <property name="java.version.date" value="2020-04-14"/>
    <property name="java.home" value="/Library/Java/JavaVirtualMachines/jdk-14.0.1.jdk/Contents/Home"/>
    <property name="file.separator" value="/"/>
    <property name="basedir" value="/Users/tanumukherjee/eclipse-workspace/Backend_Automation"/>
    <property name="java.vm.compressedOopsMode" value="Zero based"/>
    <property name="line.separator" value="&#10;"/>
    <property name="java.specification.name" value="Java Platform API Specification"/>
    <property name="java.vm.specification.vendor" value="Oracle Corporation"/>
    <property name="surefire.real.class.path" value="/Users/tanumukherjee/eclipse-workspace/Backend_Automation/target/surefire/surefirebooter10981840663011776722.jar"/>
    <property name="sun.management.compiler" value="HotSpot 64-Bit Tiered Compilers"/>
    <property name="ftp.nonProxyHosts" value="local|*.local|169.254/16|*.169.254/16"/>
    <property name="java.runtime.version" value="14.0.1+7"/>
    <property name="user.name" value="tanumukherjee"/>
    <property name="path.separator" value=":"/>
    <property name="os.version" value="10.15.4"/>
    <property name="java.runtime.name" value="Java(TM) SE Runtime Environment"/>
    <property name="file.encoding" value="UTF-8"/>
    <property name="java.vm.name" value="Java HotSpot(TM) 64-Bit Server VM"/>
    <property name="localRepository" value="/Users/tanumukherjee/.m2/repository"/>
    <property name="java.vendor.url.bug" value="https://bugreport.java.com/bugreport/"/>
    <property name="java.io.tmpdir" value="/var/folders/d1/8jcb5ry96v7dt72fgyggtb240000gn/T/"/>
    <property name="java.version" value="14.0.1"/>
    <property name="user.dir" value="/Users/tanumukherjee/eclipse-workspace/Backend_Automation"/>
    <property name="os.arch" value="x86_64"/>
    <property name="java.vm.specification.name" value="Java Virtual Machine Specification"/>
    <property name="java.library.path" value="/Users/tanumukherjee/Library/Java/Extensions:/Library/Java/Extensions:/Network/Library/Java/Extensions:/System/Library/Java/Extensions:/usr/lib/java:."/>
    <property name="java.vm.info" value="mixed mode, sharing"/>
    <property name="java.vendor" value="Oracle Corporation"/>
    <property name="java.vm.version" value="14.0.1+7"/>
    <property name="sun.io.unicode.encoding" value="UnicodeBig"/>
    <property name="socksNonProxyHosts" value="local|*.local|169.254/16|*.169.254/16"/>
    <property name="java.class.version" value="58.0"/>
  </properties>
  <testcase name="Verify if user is able to login" classname="Validating user login APIs" time="0.683">
    <error message="Configuration.properties not found at resources//global.properties" type="java.lang.RuntimeException">java.lang.RuntimeException: Configuration.properties not found at resources//global.properties
</error>
    <system-out><![CDATA[tan android
respurce api user.login
]]></system-out>
    <system-err><![CDATA[Jul 07, 2020 2:25:40 PM io.cucumber.junit.Cucumber <init>
WARNING: By default Cucumber is running in --non-strict mode.
This default will change to --strict and --non-strict will be removed.
You can use --strict or @CucumberOptions(strict = true) to suppress this warning
java.io.FileNotFoundException: resources/global.properties (No such file or directory)
	at java.base/java.io.FileInputStream.open0(Native Method)
	at java.base/java.io.FileInputStream.open(FileInputStream.java:212)
	at java.base/java.io.FileInputStream.<init>(FileInputStream.java:154)
	at java.base/java.io.FileInputStream.<init>(FileInputStream.java:109)
	at java.base/java.io.FileReader.<init>(FileReader.java:60)
	at resources.ConfigReader.<init>(ConfigReader.java:18)
	at resources.ConfigReader.getInstance(ConfigReader.java:34)
	at resources.Util.requestSpecification(Util.java:31)
	at stepDefinitions.User.add_login_payload_with_context_and_user_calls_with_get_http_request_with_username_as_and_password_as(User.java:53)
	at java.base/jdk.internal.reflect.NativeMethodAccessorImpl.invoke0(Native Method)
	at java.base/jdk.internal.reflect.NativeMethodAccessorImpl.invoke(NativeMethodAccessorImpl.java:62)
	at java.base/jdk.internal.reflect.DelegatingMethodAccessorImpl.invoke(DelegatingMethodAccessorImpl.java:43)
	at java.base/java.lang.reflect.Method.invoke(Method.java:564)
	at io.cucumber.java.Invoker.invoke(Invoker.java:27)
	at io.cucumber.java.JavaStepDefinition.execute(JavaStepDefinition.java:27)
	at io.cucumber.core.runner.PickleStepDefinitionMatch.runStep(PickleStepDefinitionMatch.java:63)
	at io.cucumber.core.runner.TestStep.executeStep(TestStep.java:64)
	at io.cucumber.core.runner.TestStep.run(TestStep.java:49)
	at io.cucumber.core.runner.PickleStepTestStep.run(PickleStepTestStep.java:46)
	at io.cucumber.core.runner.TestCase.run(TestCase.java:51)
	at io.cucumber.core.runner.Runner.runPickle(Runner.java:67)
	at io.cucumber.junit.PickleRunners$NoStepDescriptions.run(PickleRunners.java:149)
	at io.cucumber.junit.FeatureRunner.runChild(FeatureRunner.java:83)
	at io.cucumber.junit.FeatureRunner.runChild(FeatureRunner.java:24)
	at org.junit.runners.ParentRunner$3.run(ParentRunner.java:238)
	at org.junit.runners.ParentRunner$1.schedule(ParentRunner.java:63)
	at org.junit.runners.ParentRunner.runChildren(ParentRunner.java:236)
	at org.junit.runners.ParentRunner.access$000(ParentRunner.java:53)
	at org.junit.runners.ParentRunner$2.evaluate(ParentRunner.java:229)
	at org.junit.runners.ParentRunner.run(ParentRunner.java:309)
	at io.cucumber.junit.Cucumber.runChild(Cucumber.java:185)
	at io.cucumber.junit.Cucumber.runChild(Cucumber.java:83)
	at org.junit.runners.ParentRunner$3.run(ParentRunner.java:238)
	at org.junit.runners.ParentRunner$1.schedule(ParentRunner.java:63)
	at org.junit.runners.ParentRunner.runChildren(ParentRunner.java:236)
	at org.junit.runners.ParentRunner.access$000(ParentRunner.java:53)
	at org.junit.runners.ParentRunner$2.evaluate(ParentRunner.java:229)
	at io.cucumber.junit.Cucumber$RunCucumber.evaluate(Cucumber.java:219)
	at org.junit.runners.ParentRunner.run(ParentRunner.java:309)
	at org.apache.maven.surefire.junit4.JUnit4Provider.execute(JUnit4Provider.java:365)
	at org.apache.maven.surefire.junit4.JUnit4Provider.executeWithRerun(JUnit4Provider.java:273)
	at org.apache.maven.surefire.junit4.JUnit4Provider.executeTestSet(JUnit4Provider.java:238)
	at org.apache.maven.surefire.junit4.JUnit4Provider.invoke(JUnit4Provider.java:159)
	at org.apache.maven.surefire.booter.ForkedBooter.invokeProviderInSameClassLoader(ForkedBooter.java:384)
	at org.apache.maven.surefire.booter.ForkedBooter.runSuitesInProcess(ForkedBooter.java:345)
	at org.apache.maven.surefire.booter.ForkedBooter.execute(ForkedBooter.java:126)
	at org.apache.maven.surefire.booter.ForkedBooter.main(ForkedBooter.java:418)
]]></system-err>
  </testcase>
  <testcase name="Verify if user is able to play artist radio" classname="Validating user Radio APIs" time="0">
    <skipped message="The step &quot;Add radio payload with context &quot;android&quot; and user calls &quot;webradio.createStation&quot; with get http request with username as &quot;tanu@saavn.com&quot; and password as &quot;Tanu1234&quot;&quot; is undefined. You can implement it using the snippet(s) below:&#10;&#10;@Given(&quot;Add radio payload with context {string} and user calls {string} with get http request with username as {string} and password as {string}&quot;)&#10;public void add_radio_payload_with_context_and_user_calls_with_get_http_request_with_username_as_and_password_as(String string, String string2, String string3, String string4) {&#10;    // Write code here that turns the phrase above into concrete actions&#10;    throw new io.cucumber.java.PendingException();&#10;}&#10;"/>
  </testcase>
  <testcase name="Verify if user is able to play artist radio" classname="Validating user Radio APIs" time="0">
    <skipped message="The step &quot;Add radio payload with context &quot;android&quot; and user calls &quot;webradio.createStation&quot; with get http request with username as &quot;tanu@saavn.com&quot; and password as &quot;Tanu1234&quot;&quot; is undefined. You can implement it using the snippet(s) below:&#10;&#10;@Given(&quot;Add radio payload with context {string} and user calls {string} with get http request with username as {string} and password as {string}&quot;)&#10;public void add_radio_payload_with_context_and_user_calls_with_get_http_request_with_username_as_and_password_as(String string, String string2, String string3, String string4) {&#10;    // Write code here that turns the phrase above into concrete actions&#10;    throw new io.cucumber.java.PendingException();&#10;}&#10;"/>
  </testcase>
  <testcase name="Verify if user is able to play artist radio" classname="Validating user Radio APIs" time="0">
    <skipped message="The step &quot;Add radio payload with context &quot;android&quot; and user calls &quot;webradio.createStation&quot; with get http request with username as &quot;tanu@saavn.com&quot; and password as &quot;Tanu1234&quot;&quot; is undefined. You can implement it using the snippet(s) below:&#10;&#10;@Given(&quot;Add radio payload with context {string} and user calls {string} with get http request with username as {string} and password as {string}&quot;)&#10;public void add_radio_payload_with_context_and_user_calls_with_get_http_request_with_username_as_and_password_as(String string, String string2, String string3, String string4) {&#10;    // Write code here that turns the phrase above into concrete actions&#10;    throw new io.cucumber.java.PendingException();&#10;}&#10;"/>
  </testcase>
  <testcase name="Verify if user is able to play feature radio" classname="Validating user Radio APIs" time="0">
    <skipped message="The step &quot;Add radio payload with context &quot;android&quot; and user calls &quot;webradio.createStation&quot; with get http request with username as &quot;tanu@saavn.com&quot; and password as &quot;Tanu1234&quot;&quot; is undefined. You can implement it using the snippet(s) below:&#10;&#10;@Given(&quot;Add radio payload with context {string} and user calls {string} with get http request with username as {string} and password as {string}&quot;)&#10;public void add_radio_payload_with_context_and_user_calls_with_get_http_request_with_username_as_and_password_as(String string, String string2, String string3, String string4) {&#10;    // Write code here that turns the phrase above into concrete actions&#10;    throw new io.cucumber.java.PendingException();&#10;}&#10;"/>
  </testcase>
  <testcase name="Verify if user is able to play feature radio" classname="Validating user Radio APIs" time="0">
    <skipped message="The step &quot;Add radio payload with context &quot;android&quot; and user calls &quot;webradio.createStation&quot; with get http request with username as &quot;tanu@saavn.com&quot; and password as &quot;Tanu1234&quot;&quot; is undefined. You can implement it using the snippet(s) below:&#10;&#10;@Given(&quot;Add radio payload with context {string} and user calls {string} with get http request with username as {string} and password as {string}&quot;)&#10;public void add_radio_payload_with_context_and_user_calls_with_get_http_request_with_username_as_and_password_as(String string, String string2, String string3, String string4) {&#10;    // Write code here that turns the phrase above into concrete actions&#10;    throw new io.cucumber.java.PendingException();&#10;}&#10;"/>
  </testcase>
  <testcase name="Verify if user is able to play feature radio" classname="Validating user Radio APIs" time="0">
    <skipped message="The step &quot;Add radio payload with context &quot;android&quot; and user calls &quot;webradio.createStation&quot; with get http request with username as &quot;tanu@saavn.com&quot; and password as &quot;Tanu1234&quot;&quot; is undefined. You can implement it using the snippet(s) below:&#10;&#10;@Given(&quot;Add radio payload with context {string} and user calls {string} with get http request with username as {string} and password as {string}&quot;)&#10;public void add_radio_payload_with_context_and_user_calls_with_get_http_request_with_username_as_and_password_as(String string, String string2, String string3, String string4) {&#10;    // Write code here that turns the phrase above into concrete actions&#10;    throw new io.cucumber.java.PendingException();&#10;}&#10;"/>
  </testcase>
</testsuite>