<?xml version="1.0" encoding="UTF-8"?>
<!-- Generated by org.testng.reporters.JUnitReportReporter -->
<testsuite ignored="0" hostname="Tanus-MacBook-Pro.local" failures="0" tests="1" name="testcases.BaseTest" time="0.007" errors="0" timestamp="01 Sep 2020 11:04:19 GMT" skipped="0">
  <testcase classname="testcases.BaseTest" name="start" time="0.007"/>
</testsuite> <!-- testcases.BaseTest -->
